ENTITIES:
result:
 [dosage, right-element, patent, enzymes, drug-interaction, go-classifier, manufacturer, drug, synonym, mixture, pfam, price, property, food-interactions, external-identifier, left-element, enzyme, polypeptide, product, reaction, cost, salt, organism, level, synonyms, groups, international-brand, classification, packager, target, sequence, amino-acid-sequence, carrier, atc-code, transporter, effect, pathway, ahfs-codes, category, gene-sequence, actions, external-link, drugbank-id, affected-organisms]
size: 44

ground:
 [toxicity, substructures, pharmaceutical, inchikey, smiles, molecular-weight, source, type, drug, refractivity, polar-surface-area-(psa), pharmacology, food-interaction, brand, logs, logp, group, boiling-point, polarizability, mechanism-of-action, inchi, absorption, caco2-permeability, monoisotopic-weight, rule-of-five, ghose-filter, water-solubility, half-life, unit, molecular-formula, volume-of-distribution, route-of-elimination, bioavailability, pka-(strongest-basic), transporter-relation, physiological-charge, indication, patent, rotatable-bond-count, pka, mddr-like-rule, traditional-iupac-name, manufacturer, protein-binding, iupac-name, synonym, isoelectric-point, drug-drug-interaction, mixture, number-of-rings, clearance, h-bond-donor-count, carrier-relation, enzyme, salt, h-bond-acceptor-count, kingdom, target, affected-organism, enzyme-relation, biotransformation, hydrophobicity, carrier, pka-(strongest-acidic), transporter, melting-point, category, target-relation]
size: 68

intersection:
 [patent, manufacturer, drug, synonym, mixture, enzyme, salt, target, carrier, transporter, category]
size: 11

Prec:	0.25
Recall:	0.1618
F1:	0.1964
0.25	0.1618	0.1964
ATTRIBUTES:
result:
 [references, pharmacodynamics, cas-number, type, mixtures, gene-name, number, approved, superclass, external-links, ndc-id, action, id, mesh-id, identifier, synthesis-reference, mechanism-of-action, absorption, synonyms, fda-application-number, snp-effects, carriers, route, volume-of-distribution, indication, go-classifiers, actions, primary, theoretical-pi, pubmed-id, dosages, general-function, enzymes, pfams, sequences, targets, dpd-id, products, inhibition-strength, ingredients, clearance, currency, categories, rs-id, substituent, cellular-location, chromosome-location, salts, url, packagers, direct-parent, subclass, transmembrane-regions, reactions, ahfs-codes, drugbank-id, toxicity, country, snp-adverse-drug-reactions, general-references, coder, inchikey, protein-name, strength, molecular-weight, language, source, ndc-product-code, specific-function, known-action, food-interactions, food-interaction, gene-symbol, defining-change, group, organism, resource, ncbi-taxonomy-id, created, kind, format, pathways, half-life, adverse-reaction, sequence, unit, route-of-elimination, uniprot-id, name, metabolism, position, updated, affected-organisms, over-the-counter, expires, experimental-properties, code, transporters, description, protein-binding, smpdb-id, synonym, induction-strength, atc-codes, patents, company, prices, value, class, manufacturers, drug-interactions, started-marketing-on, ended-marketing-on, ahfs-code, kingdom, generic, international-brands, affected-organism, form, alternative-parent, allele, dosage-form, signal-regions, locus, category]
size: 125

ground:
 [expires, theoretical-pi, organism, molecular-weight, general-function, gene-name, approved, known-action, specific-function, price, name, ingredients, transmembrane-regions, id, locus, value, cellular-location]
size: 17

intersection:
 [gene-name, approved, id, theoretical-pi, general-function, ingredients, cellular-location, transmembrane-regions, molecular-weight, specific-function, known-action, organism, name, expires, value, locus]
size: 16

Prec:	0.128
Recall:	0.9412
F1:	0.2254
0.128	0.9412	0.2254

MISSED:
Only In Result (both entities & attributes):
[references, pharmacodynamics, go-classifier, cas-number, mixtures, number, superclass, external-links, property, ndc-id, action, mesh-id, identifier, synthesis-reference, synonyms, fda-application-number, snp-effects, carriers, classification, packager, route, atc-code, actions, go-classifiers, primary, dosage, pubmed-id, dosages, enzymes, pfams, sequences, targets, dpd-id, products, inhibition-strength, currency, categories, rs-id, substituent, chromosome-location, salts, product, reaction, url, packagers, direct-parent, subclass, pathway, reactions, ahfs-codes, drugbank-id, country, snp-adverse-drug-reactions, general-references, coder, protein-name, strength, language, ndc-product-code, drug-interaction, pfam, food-interactions, gene-symbol, defining-change, external-identifier, polypeptide, level, resource, ncbi-taxonomy-id, created, kind, format, international-brand, pathways, adverse-reaction, sequence, uniprot-id, effect, metabolism, position, external-link, updated, affected-organisms, over-the-counter, right-element, experimental-properties, code, transporters, description, smpdb-id, induction-strength, atc-codes, patents, company, prices, class, left-element, cost, manufacturers, drug-interactions, started-marketing-on, groups, ended-marketing-on, ahfs-code, generic, international-brands, amino-acid-sequence, form, alternative-parent, allele, dosage-form, signal-regions, gene-sequence]
size: 113

Only In GroundTruth (both entities & attributes):
[substructures, pharmaceutical, smiles, refractivity, polar-surface-area-(psa), pharmacology, brand, logs, logp, boiling-point, polarizability, inchi, caco2-permeability, monoisotopic-weight, rule-of-five, ghose-filter, water-solubility, molecular-formula, bioavailability, pka-(strongest-basic), transporter-relation, physiological-charge, rotatable-bond-count, pka, mddr-like-rule, traditional-iupac-name, iupac-name, isoelectric-point, drug-drug-interaction, number-of-rings, h-bond-donor-count, carrier-relation, h-bond-acceptor-count, enzyme-relation, biotransformation, hydrophobicity, pka-(strongest-acidic), melting-point, target-relation]
size: 39


Attributes that recognized as entity:
[organism, price]
size: 2


Entities that recognized as attribute:
[toxicity, inchikey, molecular-weight, source, type, food-interaction, group, mechanism-of-action, absorption, half-life, unit, volume-of-distribution, route-of-elimination, indication, protein-binding, synonym, clearance, kingdom, affected-organism, category]
size: 20

